{
  "RSpec": {
    "coverage": {
      "/home/nikolay/work/stack_over_flow_copy/projstud/config/environment.rb": [
        null,
        1,
        null,
        null,
        1
      ],
      "/home/nikolay/work/stack_over_flow_copy/projstud/config/application.rb": [
        1,
        null,
        1,
        null,
        null,
        null,
        1,
        null,
        1,
        1,
        null,
        1,
        null,
        null,
        null,
        null,
        null,
        null,
        null,
        null,
        null,
        null,
        null,
        null,
        null,
        null,
        1,
        null,
        1,
        null,
        1,
        1,
        null,
        null,
        null,
        null,
        null,
        null,
        1,
        null,
        null,
        1,
        null,
        null
      ],
      "/home/nikolay/work/stack_over_flow_copy/projstud/config/boot.rb": [
        1,
        null,
        1
      ],
      "/home/nikolay/work/stack_over_flow_copy/projstud/config/environments/test.rb": [
        1,
        null,
        null,
        null,
        null,
        null,
        null,
        1,
        null,
        null,
        null,
        null,
        1,
        null,
        null,
        1,
        1,
        null,
        null,
        1,
        1,
        null,
        null,
        1,
        null,
        null,
        1,
        null,
        null,
        null,
        null,
        1,
        null,
        null,
        1,
        null,
        null,
        1,
        null,
        null,
        null,
        1,
        null,
        null,
        null
      ],
      "/home/nikolay/work/stack_over_flow_copy/projstud/config/initializers/assets.rb": [
        null,
        null,
        null,
        1,
        null,
        null,
        null,
        null,
        null,
        null,
        null
      ],
      "/home/nikolay/work/stack_over_flow_copy/projstud/config/initializers/backtrace_silencers.rb": [
        null,
        null,
        null,
        null,
        null,
        null,
        null
      ],
      "/home/nikolay/work/stack_over_flow_copy/projstud/config/initializers/cookies_serializer.rb": [
        null,
        null,
        1
      ],
      "/home/nikolay/work/stack_over_flow_copy/projstud/config/initializers/devise.rb": [
        null,
        null,
        1,
        null,
        null,
        null,
        null,
        null,
        null,
        null,
        null,
        null,
        null,
        null,
        1,
        null,
        null,
        null,
        null,
        null,
        null,
        null,
        null,
        1,
        null,
        null,
        null,
        null,
        null,
        null,
        null,
        null,
        null,
        null,
        null,
        null,
        null,
        null,
        null,
        null,
        null,
        null,
        null,
        null,
        null,
        1,
        null,
        null,
        null,
        null,
        1,
        null,
        null,
        null,
        null,
        null,
        null,
        null,
        null,
        null,
        null,
        null,
        null,
        null,
        null,
        null,
        null,
        null,
        null,
        null,
        null,
        null,
        null,
        null,
        null,
        null,
        null,
        null,
        null,
        null,
        null,
        1,
        null,
        null,
        null,
        null,
        null,
        null,
        null,
        null,
        null,
        null,
        null,
        null,
        null,
        null,
        null,
        null,
        1,
        null,
        null,
        null,
        null,
        null,
        null,
        null,
        null,
        null,
        null,
        null,
        null,
        null,
        null,
        null,
        null,
        null,
        null,
        null,
        null,
        null,
        null,
        null,
        null,
        1,
        null,
        null,
        null,
        null,
        null,
        null,
        null,
        null,
        null,
        1,
        null,
        null,
        null,
        null,
        null,
        null,
        null,
        null,
        null,
        null,
        1,
        null,
        null,
        null,
        null,
        null,
        null,
        null,
        null,
        null,
        null,
        null,
        null,
        null,
        null,
        null,
        null,
        null,
        null,
        null,
        null,
        null,
        null,
        null,
        null,
        null,
        null,
        null,
        null,
        null,
        null,
        null,
        null,
        null,
        null,
        null,
        null,
        null,
        null,
        null,
        null,
        null,
        null,
        null,
        null,
        null,
        null,
        null,
        null,
        1,
        null,
        null,
        null,
        null,
        null,
        null,
        null,
        null,
        null,
        null,
        null,
        null,
        null,
        null,
        null,
        null,
        null,
        null,
        null,
        null,
        null,
        null,
        null,
        null,
        null,
        null,
        null,
        null,
        null,
        null,
        null,
        null,
        null,
        null,
        null,
        null,
        null,
        null,
        null,
        null,
        null,
        1,
        null,
        null,
        null,
        null,
        1,
        1,
        null,
        null,
        null,
        null,
        null,
        null,
        null,
        null,
        null,
        null,
        null,
        null,
        null,
        null,
        null,
        null,
        null,
        null,
        null,
        null,
        null,
        null,
        null,
        null
      ],
      "/home/nikolay/work/stack_over_flow_copy/projstud/config/initializers/doorkeeper.rb": [
        1,
        null,
        1,
        null,
        null,
        1,
        0,
        null,
        null,
        null,
        1,
        0,
        null,
        null,
        null,
        null,
        null,
        null,
        null,
        null,
        null,
        null,
        null,
        null,
        null,
        null,
        null,
        null,
        null,
        null,
        null,
        null,
        null,
        null,
        null,
        null,
        null,
        null,
        null,
        null,
        null,
        null,
        null,
        null,
        null,
        null,
        null,
        null,
        null,
        null,
        null,
        null,
        null,
        null,
        null,
        null,
        null,
        null,
        null,
        null,
        null,
        null,
        null,
        null,
        null,
        null,
        null,
        null,
        null,
        null,
        null,
        null,
        null,
        null,
        null,
        null,
        null,
        null,
        null,
        null,
        null,
        null,
        null,
        null,
        null,
        null,
        null,
        null,
        null,
        null,
        null,
        null,
        null,
        null,
        null,
        null,
        null,
        null,
        null,
        null,
        null,
        null
      ],
      "/home/nikolay/work/stack_over_flow_copy/projstud/config/initializers/filter_parameter_logging.rb": [
        null,
        null,
        null,
        1
      ],
      "/home/nikolay/work/stack_over_flow_copy/projstud/config/initializers/inflections.rb": [
        null,
        null,
        null,
        null,
        null,
        null,
        null,
        null,
        null,
        null,
        null,
        null,
        null,
        null,
        null,
        null
      ],
      "/home/nikolay/work/stack_over_flow_copy/projstud/config/initializers/mime_types.rb": [
        null,
        null,
        null,
        null
      ],
      "/home/nikolay/work/stack_over_flow_copy/projstud/config/initializers/postgresql_database_tasks.rb": [
        1,
        1,
        1,
        1,
        0,
        0,
        0,
        null,
        null,
        null,
        null
      ],
      "/home/nikolay/work/stack_over_flow_copy/projstud/config/initializers/session_store.rb": [
        null,
        null,
        1
      ],
      "/home/nikolay/work/stack_over_flow_copy/projstud/config/initializers/wrap_parameters.rb": [
        null,
        null,
        null,
        null,
        null,
        null,
        1,
        1,
        null,
        null,
        null,
        null,
        null,
        null
      ],
      "/home/nikolay/work/stack_over_flow_copy/projstud/config/routes.rb": [
        1,
        null,
        1,
        1,
        1,
        null,
        null,
        1,
        1,
        1,
        1,
        null,
        1,
        1,
        1,
        1,
        1,
        1,
        1,
        1,
        1,
        1,
        null,
        null,
        null,
        1,
        1,
        1,
        1,
        1,
        1,
        1,
        null,
        null,
        null,
        1,
        null,
        1,
        1,
        null,
        null,
        1,
        1,
        1,
        1,
        null,
        1,
        1,
        null,
        null,
        null,
        null,
        1,
        null,
        null,
        null,
        null,
        null,
        null,
        null,
        null,
        null,
        null,
        null,
        null,
        null,
        null,
        null,
        null,
        null,
        null,
        null,
        null,
        null,
        null,
        null,
        null,
        null,
        null,
        null,
        null,
        null,
        null,
        null,
        null,
        null,
        null,
        null,
        null,
        null,
        null,
        null,
        null,
        null,
        null,
        null,
        null,
        null,
        null,
        null,
        null,
        null,
        null,
        null,
        null,
        null,
        null,
        null
      ],
      "/home/nikolay/work/stack_over_flow_copy/projstud/app/models/user.rb": [
        1,
        null,
        null,
        null,
        null,
        1,
        1,
        1,
        1,
        1,
        1,
        null,
        1,
        null,
        null,
        null,
        1,
        15,
        15,
        null,
        11,
        11,
        10,
        null,
        1,
        null,
        null,
        10,
        4,
        null,
        6,
        6,
        6,
        null,
        10,
        null,
        null,
        1,
        7,
        7,
        7,
        null,
        null,
        1,
        1,
        2,
        null,
        null,
        null,
        1,
        61,
        null,
        null
      ],
      "/home/nikolay/work/stack_over_flow_copy/projstud/app/helpers/answers_helper.rb": [
        1,
        null
      ],
      "/home/nikolay/work/stack_over_flow_copy/projstud/app/helpers/application_helper.rb": [
        1,
        1,
        55,
        55,
        55,
        55,
        null,
        null
      ],
      "/home/nikolay/work/stack_over_flow_copy/projstud/app/helpers/attachments_helper.rb": [
        1,
        null
      ],
      "/home/nikolay/work/stack_over_flow_copy/projstud/app/helpers/comments_helper.rb": [
        1,
        null
      ],
      "/home/nikolay/work/stack_over_flow_copy/projstud/app/helpers/questions_helper.rb": [
        1,
        null
      ],
      "/home/nikolay/work/stack_over_flow_copy/projstud/app/helpers/search_helper.rb": [
        1,
        null
      ],
      "/home/nikolay/work/stack_over_flow_copy/projstud/app/helpers/static_pages_helper.rb": [
        1,
        null
      ],
      "/home/nikolay/work/stack_over_flow_copy/projstud/app/helpers/subscriptions_helper.rb": [
        1,
        null
      ],
      "/home/nikolay/work/stack_over_flow_copy/projstud/app/controllers/answers_controller.rb": [
        1,
        1,
        1,
        1,
        1,
        1,
        null,
        1,
        null,
        1,
        1,
        null,
        1,
        null,
        1,
        10,
        null,
        10,
        7,
        null,
        3,
        null,
        null,
        null,
        1,
        5,
        5,
        5,
        null,
        null,
        1,
        3,
        null,
        null,
        1,
        9,
        null,
        null,
        1,
        null,
        1,
        10,
        null,
        null,
        1,
        18,
        null,
        null,
        1,
        15,
        null,
        null,
        1,
        7,
        null,
        10,
        null,
        null,
        1,
        15,
        null,
        null
      ],
      "/home/nikolay/work/stack_over_flow_copy/projstud/app/controllers/application_controller.rb": [
        1,
        null,
        1,
        1,
        1,
        null,
        1,
        1,
        null,
        null,
        null,
        1,
        null,
        1,
        1,
        null,
        null,
        1,
        null
      ],
      "/home/nikolay/work/stack_over_flow_copy/projstud/lib/application_responder.rb": [
        1,
        1,
        1,
        null,
        null,
        null,
        null,
        null
      ],
      "/home/nikolay/work/stack_over_flow_copy/projstud/app/controllers/concerns/voted.rb": [
        1,
        1,
        null,
        1,
        2,
        null,
        null,
        1,
        8,
        8,
        8,
        8,
        null,
        null,
        null,
        null,
        1,
        4,
        4,
        4,
        4,
        null,
        null,
        null,
        null,
        1,
        2,
        2,
        2,
        null,
        null,
        null,
        1,
        null,
        1,
        14,
        null,
        null,
        1,
        14,
        null,
        null
      ],
      "/home/nikolay/work/stack_over_flow_copy/projstud/app/controllers/attachments_controller.rb": [
        1,
        1,
        1,
        null,
        1,
        null,
        1,
        null,
        1,
        5,
        null,
        null,
        1,
        null,
        1,
        5,
        null,
        null
      ],
      "/home/nikolay/work/stack_over_flow_copy/projstud/app/controllers/comments_controller.rb": [
        1,
        1,
        1,
        null,
        1,
        null,
        1,
        14,
        14,
        null,
        14,
        8,
        8,
        8,
        null,
        6,
        null,
        null,
        null,
        1,
        null,
        1,
        28,
        null,
        null,
        1,
        14,
        null,
        null,
        1,
        14,
        null,
        null,
        null,
        1,
        8,
        null,
        null
      ],
      "/home/nikolay/work/stack_over_flow_copy/projstud/app/controllers/questions_controller.rb": [
        1,
        1,
        1,
        1,
        1,
        1,
        1,
        null,
        1,
        null,
        1,
        null,
        1,
        null,
        1,
        null,
        1,
        57,
        null,
        null,
        1,
        52,
        null,
        null,
        1,
        6,
        null,
        null,
        1,
        null,
        null,
        1,
        8,
        null,
        null,
        1,
        5,
        5,
        null,
        null,
        1,
        3,
        null,
        null,
        1,
        2,
        2,
        null,
        null,
        1,
        null,
        1,
        62,
        null,
        null,
        1,
        13,
        null,
        null,
        1,
        8,
        null,
        null,
        1,
        52,
        null,
        null,
        1,
        52,
        39,
        39,
        null,
        null,
        null,
        1,
        52,
        null,
        null,
        1,
        57,
        null,
        null
      ],
      "/home/nikolay/work/stack_over_flow_copy/projstud/app/controllers/search_controller.rb": [
        1,
        1,
        null,
        1,
        1,
        null,
        null
      ],
      "/home/nikolay/work/stack_over_flow_copy/projstud/app/controllers/subscriptions_controller.rb": [
        1,
        1,
        1,
        1,
        null,
        1,
        null,
        1,
        null,
        1,
        0,
        null,
        null,
        1,
        0,
        null,
        null,
        1,
        null,
        1,
        0,
        null,
        null,
        1,
        0,
        null,
        null
      ],
      "/home/nikolay/work/stack_over_flow_copy/projstud/app/jobs/answer_notifications_job.rb": [
        1,
        1,
        null,
        1,
        1,
        2,
        null,
        null,
        null
      ],
      "/home/nikolay/work/stack_over_flow_copy/projstud/app/jobs/daily_digest_job.rb": [
        1,
        1,
        null,
        1,
        1,
        null,
        null
      ],
      "/home/nikolay/work/stack_over_flow_copy/projstud/app/mailers/answer_mailer.rb": [
        1,
        1,
        0,
        0,
        null,
        null
      ],
      "/home/nikolay/work/stack_over_flow_copy/projstud/app/mailers/application_mailer.rb": [
        1,
        1,
        1,
        null
      ],
      "/home/nikolay/work/stack_over_flow_copy/projstud/app/mailers/daily_mailer.rb": [
        1,
        null,
        null,
        null,
        null,
        null,
        null,
        1,
        0,
        0,
        null,
        null
      ],
      "/home/nikolay/work/stack_over_flow_copy/projstud/app/models/ability.rb": [
        1,
        1,
        null,
        1,
        null,
        1,
        304,
        null,
        304,
        273,
        null,
        31,
        null,
        null,
        null,
        1,
        303,
        303,
        303,
        null,
        null,
        1,
        1,
        null,
        null,
        1,
        272,
        null,
        272,
        272,
        272,
        272,
        272,
        null,
        272,
        null,
        272,
        40,
        null,
        null,
        272,
        21,
        null,
        null,
        272,
        7,
        null,
        272,
        12,
        null,
        272,
        4,
        null,
        272,
        4,
        null,
        272,
        2,
        null,
        null,
        null
      ],
      "/home/nikolay/work/stack_over_flow_copy/projstud/app/models/answer.rb": [
        1,
        1,
        1,
        null,
        1,
        1,
        1,
        null,
        7,
        null,
        1,
        null,
        897,
        null,
        1,
        null,
        1,
        9,
        9,
        9,
        null,
        null,
        null,
        1,
        null,
        1,
        145,
        null,
        null
      ],
      "/home/nikolay/work/stack_over_flow_copy/projstud/app/models/concerns/votable.rb": [
        1,
        1,
        null,
        1,
        2,
        null,
        null,
        1,
        8,
        null,
        null,
        1,
        4,
        null,
        null,
        1,
        2,
        2,
        null,
        null,
        1,
        155,
        null,
        null,
        1,
        235,
        null,
        null
      ],
      "/home/nikolay/work/stack_over_flow_copy/projstud/app/models/concerns/attachable.rb": [
        1,
        1,
        null,
        1,
        2,
        null,
        null
      ],
      "/home/nikolay/work/stack_over_flow_copy/projstud/app/models/attachment.rb": [
        1,
        1,
        null,
        1,
        null
      ],
      "/home/nikolay/work/stack_over_flow_copy/projstud/app/uploaders/file_uploader.rb": [
        null,
        null,
        1,
        null,
        null,
        null,
        null,
        null,
        null,
        1,
        null,
        null,
        null,
        null,
        1,
        11,
        null,
        null,
        null,
        null,
        null,
        null,
        null,
        null,
        null,
        null,
        null,
        null,
        null,
        null,
        null,
        null,
        null,
        null,
        null,
        null,
        null,
        null,
        null,
        null,
        null,
        null,
        null,
        null,
        null,
        null,
        null,
        null,
        null,
        null,
        null
      ],
      "/home/nikolay/work/stack_over_flow_copy/projstud/app/models/authorization.rb": [
        1,
        1,
        null,
        1,
        null
      ],
      "/home/nikolay/work/stack_over_flow_copy/projstud/app/models/comment.rb": [
        1,
        1,
        1,
        null,
        1,
        null,
        709,
        null
      ],
      "/home/nikolay/work/stack_over_flow_copy/projstud/app/models/question.rb": [
        1,
        1,
        1,
        null,
        1,
        1,
        1,
        null,
        1,
        null,
        1,
        1,
        null,
        722,
        null,
        1,
        null,
        1,
        null,
        1,
        202,
        null,
        null
      ],
      "/home/nikolay/work/stack_over_flow_copy/projstud/app/models/search.rb": [
        1,
        1,
        4,
        3,
        1,
        null,
        null
      ],
      "/home/nikolay/work/stack_over_flow_copy/projstud/app/models/subscription.rb": [
        1,
        1,
        1,
        null,
        1,
        1,
        null
      ],
      "/home/nikolay/work/stack_over_flow_copy/projstud/app/models/vote.rb": [
        1,
        1,
        1,
        null,
        1,
        1,
        1,
        null
      ],
      "/home/nikolay/work/stack_over_flow_copy/projstud/app/indices/answers_index.rb": [
        1,
        0,
        0,
        null,
        0,
        null
      ],
      "/home/nikolay/work/stack_over_flow_copy/projstud/app/indices/comments_index.rb": [
        1,
        0,
        0,
        0,
        null
      ],
      "/home/nikolay/work/stack_over_flow_copy/projstud/app/indices/questions_index.rb": [
        1,
        null,
        0,
        0,
        0,
        null,
        null,
        0,
        null
      ],
      "/home/nikolay/work/stack_over_flow_copy/projstud/app/indices/users_index.rb": [
        1,
        0,
        null,
        0,
        null
      ],
      "/home/nikolay/work/stack_over_flow_copy/projstud/app/controllers/omniauth_callbacks_controller.rb": [
        1,
        1,
        3,
        3,
        3,
        2,
        null,
        null,
        null,
        1,
        2,
        2,
        2,
        1,
        1,
        null,
        1,
        1,
        1,
        1,
        null,
        null,
        null,
        1,
        1,
        1,
        1,
        1,
        1,
        0,
        null,
        null,
        null,
        1,
        null,
        1,
        1,
        null,
        null
      ],
      "/home/nikolay/work/stack_over_flow_copy/projstud/app/controllers/api/v1/answers_controller.rb": [
        1,
        1,
        1,
        1,
        null,
        1,
        6,
        null,
        null,
        1,
        11,
        null,
        null,
        1,
        6,
        null,
        null,
        1,
        null,
        1,
        12,
        null,
        null,
        1,
        11,
        null,
        null,
        1,
        6,
        null,
        null
      ],
      "/home/nikolay/work/stack_over_flow_copy/projstud/app/controllers/api/v1/base_controller.rb": [
        1,
        1,
        null,
        1,
        null,
        1,
        null,
        1,
        103,
        null,
        null,
        1,
        73,
        null,
        null
      ],
      "/home/nikolay/work/stack_over_flow_copy/projstud/app/serializers/answer_serializer.rb": [
        1,
        1,
        null
      ],
      "/home/nikolay/work/stack_over_flow_copy/projstud/app/serializers/one_answer_serializer.rb": [
        1,
        1,
        1,
        null
      ],
      "/home/nikolay/work/stack_over_flow_copy/projstud/app/serializers/attachment_serializer.rb": [
        1,
        1,
        null,
        1,
        50,
        null,
        null
      ],
      "/home/nikolay/work/stack_over_flow_copy/projstud/app/controllers/api/v1/profiles_controller.rb": [
        1,
        1,
        null,
        1,
        8,
        null,
        null,
        1,
        10,
        null,
        null
      ],
      "/home/nikolay/work/stack_over_flow_copy/projstud/app/controllers/api/v1/questions_controller.rb": [
        1,
        1,
        null,
        1,
        13,
        13,
        null,
        null,
        1,
        13,
        13,
        null,
        null,
        1,
        6,
        null,
        null,
        1,
        null,
        1,
        6,
        null,
        null
      ],
      "/home/nikolay/work/stack_over_flow_copy/projstud/app/serializers/question_serializer.rb": [
        1,
        1,
        1,
        null,
        1,
        29,
        null,
        null
      ],
      "/home/nikolay/work/stack_over_flow_copy/projstud/app/serializers/one_question_serializer.rb": [
        1,
        1,
        1,
        null
      ]
    },
    "timestamp": 1442832625
  }
}
